  Main.cpp
C:\Users\murat\OneDrive\Masaüstü\Muro Uni\cpp\mario\mario\Animation.h(75,52): warning C4244: 'argument': conversion from 'float' to 'T', possible loss of data
          with
          [
              T=int
          ]
C:\Users\murat\OneDrive\Masaüstü\Muro Uni\cpp\mario\mario\Animation.h(75,40): warning C4244: 'argument': conversion from 'float' to 'T', possible loss of data
          with
          [
              T=int
          ]
C:\Users\murat\OneDrive\Masaüstü\Muro Uni\cpp\mario\mario\Animation.h(75,30): warning C4244: 'argument': conversion from 'float' to 'T', possible loss of data
          with
          [
              T=int
          ]
C:\Users\murat\OneDrive\Masaüstü\Muro Uni\cpp\mario\mario\Animation.h(75,20): warning C4244: 'argument': conversion from 'float' to 'T', possible loss of data
          with
          [
              T=int
          ]
C:\Users\murat\OneDrive\Masaüstü\Muro Uni\cpp\mario\mario\Game.h(78,5): warning C4150: deletion of pointer to incomplete type 'Scene'; no destructor called
C:\Users\murat\OneDrive\Masaüstü\Muro Uni\cpp\mario\mario\Game.h(7,7): message : see declaration of 'Scene'
  Action.cpp
C:\Users\murat\OneDrive\Masaüstü\Muro Uni\Github\SFML-Game\SFML-Game\Animation.h(75,52): warning C4244: 'argument': conversion from 'float' to 'T', possible loss of data
          with
          [
              T=int
          ]
C:\Users\murat\OneDrive\Masaüstü\Muro Uni\Github\SFML-Game\SFML-Game\Animation.h(75,40): warning C4244: 'argument': conversion from 'float' to 'T', possible loss of data
          with
          [
              T=int
          ]
C:\Users\murat\OneDrive\Masaüstü\Muro Uni\Github\SFML-Game\SFML-Game\Animation.h(75,30): warning C4244: 'argument': conversion from 'float' to 'T', possible loss of data
          with
          [
              T=int
          ]
C:\Users\murat\OneDrive\Masaüstü\Muro Uni\Github\SFML-Game\SFML-Game\Animation.h(75,20): warning C4244: 'argument': conversion from 'float' to 'T', possible loss of data
          with
          [
              T=int
          ]
  Animation.cpp
C:\Users\murat\OneDrive\Masaüstü\Muro Uni\Github\SFML-Game\SFML-Game\Animation.h(75,52): warning C4244: 'argument': conversion from 'float' to 'T', possible loss of data
          with
          [
              T=int
          ]
C:\Users\murat\OneDrive\Masaüstü\Muro Uni\Github\SFML-Game\SFML-Game\Animation.h(75,40): warning C4244: 'argument': conversion from 'float' to 'T', possible loss of data
          with
          [
              T=int
          ]
C:\Users\murat\OneDrive\Masaüstü\Muro Uni\Github\SFML-Game\SFML-Game\Animation.h(75,30): warning C4244: 'argument': conversion from 'float' to 'T', possible loss of data
          with
          [
              T=int
          ]
C:\Users\murat\OneDrive\Masaüstü\Muro Uni\Github\SFML-Game\SFML-Game\Animation.h(75,20): warning C4244: 'argument': conversion from 'float' to 'T', possible loss of data
          with
          [
              T=int
          ]
C:\Users\murat\OneDrive\Masaüstü\Muro Uni\Github\SFML-Game\SFML-Game\Animation.cpp(6,76): warning C4244: 'argument': conversion from 'float' to 'T', possible loss of data
          with
          [
              T=int
          ]
C:\Users\murat\OneDrive\Masaüstü\Muro Uni\Github\SFML-Game\SFML-Game\Animation.cpp(6,64): warning C4244: 'argument': conversion from 'float' to 'T', possible loss of data
          with
          [
              T=int
          ]
C:\Users\murat\OneDrive\Masaüstü\Muro Uni\Github\SFML-Game\SFML-Game\Animation.cpp(6,54): warning C4244: 'argument': conversion from 'float' to 'T', possible loss of data
          with
          [
              T=int
          ]
C:\Users\murat\OneDrive\Masaüstü\Muro Uni\Github\SFML-Game\SFML-Game\Animation.cpp(6,43): warning C4244: 'argument': conversion from 'float' to 'T', possible loss of data
          with
          [
              T=int
          ]
  Assets.cpp
C:\Users\murat\OneDrive\Masaüstü\Muro Uni\Github\SFML-Game\SFML-Game\Animation.h(75,52): warning C4244: 'argument': conversion from 'float' to 'T', possible loss of data
          with
          [
              T=int
          ]
C:\Users\murat\OneDrive\Masaüstü\Muro Uni\Github\SFML-Game\SFML-Game\Animation.h(75,40): warning C4244: 'argument': conversion from 'float' to 'T', possible loss of data
          with
          [
              T=int
          ]
C:\Users\murat\OneDrive\Masaüstü\Muro Uni\Github\SFML-Game\SFML-Game\Animation.h(75,30): warning C4244: 'argument': conversion from 'float' to 'T', possible loss of data
          with
          [
              T=int
          ]
C:\Users\murat\OneDrive\Masaüstü\Muro Uni\Github\SFML-Game\SFML-Game\Animation.h(75,20): warning C4244: 'argument': conversion from 'float' to 'T', possible loss of data
          with
          [
              T=int
          ]
C:\Users\murat\OneDrive\Masaüstü\Muro Uni\Github\SFML-Game\SFML-Game\Assets.cpp(8,60): warning C4244: 'argument': conversion from 'float' to 'T', possible loss of data
          with
          [
              T=int
          ]
C:\Users\murat\OneDrive\Masaüstü\Muro Uni\Github\SFML-Game\SFML-Game\Assets.cpp(8,53): warning C4244: 'argument': conversion from 'float' to 'T', possible loss of data
          with
          [
              T=int
          ]
  Components.cpp
C:\Users\murat\OneDrive\Masaüstü\Muro Uni\Github\SFML-Game\SFML-Game\Animation.h(75,52): warning C4244: 'argument': conversion from 'float' to 'T', possible loss of data
          with
          [
              T=int
          ]
C:\Users\murat\OneDrive\Masaüstü\Muro Uni\Github\SFML-Game\SFML-Game\Animation.h(75,40): warning C4244: 'argument': conversion from 'float' to 'T', possible loss of data
          with
          [
              T=int
          ]
C:\Users\murat\OneDrive\Masaüstü\Muro Uni\Github\SFML-Game\SFML-Game\Animation.h(75,30): warning C4244: 'argument': conversion from 'float' to 'T', possible loss of data
          with
          [
              T=int
          ]
C:\Users\murat\OneDrive\Masaüstü\Muro Uni\Github\SFML-Game\SFML-Game\Animation.h(75,20): warning C4244: 'argument': conversion from 'float' to 'T', possible loss of data
          with
          [
              T=int
          ]
  Entity.cpp
C:\Users\murat\OneDrive\Masaüstü\Muro Uni\Github\SFML-Game\SFML-Game\Animation.h(75,52): warning C4244: 'argument': conversion from 'float' to 'T', possible loss of data
          with
          [
              T=int
          ]
C:\Users\murat\OneDrive\Masaüstü\Muro Uni\Github\SFML-Game\SFML-Game\Animation.h(75,40): warning C4244: 'argument': conversion from 'float' to 'T', possible loss of data
          with
          [
              T=int
          ]
C:\Users\murat\OneDrive\Masaüstü\Muro Uni\Github\SFML-Game\SFML-Game\Animation.h(75,30): warning C4244: 'argument': conversion from 'float' to 'T', possible loss of data
          with
          [
              T=int
          ]
C:\Users\murat\OneDrive\Masaüstü\Muro Uni\Github\SFML-Game\SFML-Game\Animation.h(75,20): warning C4244: 'argument': conversion from 'float' to 'T', possible loss of data
          with
          [
              T=int
          ]
  EntityManager.cpp
C:\Users\murat\OneDrive\Masaüstü\Muro Uni\Github\SFML-Game\SFML-Game\Animation.h(75,52): warning C4244: 'argument': conversion from 'float' to 'T', possible loss of data
          with
          [
              T=int
          ]
C:\Users\murat\OneDrive\Masaüstü\Muro Uni\Github\SFML-Game\SFML-Game\Animation.h(75,40): warning C4244: 'argument': conversion from 'float' to 'T', possible loss of data
          with
          [
              T=int
          ]
C:\Users\murat\OneDrive\Masaüstü\Muro Uni\Github\SFML-Game\SFML-Game\Animation.h(75,30): warning C4244: 'argument': conversion from 'float' to 'T', possible loss of data
          with
          [
              T=int
          ]
C:\Users\murat\OneDrive\Masaüstü\Muro Uni\Github\SFML-Game\SFML-Game\Animation.h(75,20): warning C4244: 'argument': conversion from 'float' to 'T', possible loss of data
          with
          [
              T=int
          ]
  Game.cpp
C:\Users\murat\OneDrive\Masaüstü\Muro Uni\Github\SFML-Game\SFML-Game\Animation.h(75,52): warning C4244: 'argument': conversion from 'float' to 'T', possible loss of data
          with
          [
              T=int
          ]
C:\Users\murat\OneDrive\Masaüstü\Muro Uni\Github\SFML-Game\SFML-Game\Animation.h(75,40): warning C4244: 'argument': conversion from 'float' to 'T', possible loss of data
          with
          [
              T=int
          ]
C:\Users\murat\OneDrive\Masaüstü\Muro Uni\Github\SFML-Game\SFML-Game\Animation.h(75,30): warning C4244: 'argument': conversion from 'float' to 'T', possible loss of data
          with
          [
              T=int
          ]
C:\Users\murat\OneDrive\Masaüstü\Muro Uni\Github\SFML-Game\SFML-Game\Animation.h(75,20): warning C4244: 'argument': conversion from 'float' to 'T', possible loss of data
          with
          [
              T=int
          ]
C:\Users\murat\OneDrive\Masaüstü\Muro Uni\Github\SFML-Game\SFML-Game\Game.h(78,5): warning C4150: deletion of pointer to incomplete type 'Scene'; no destructor called
C:\Users\murat\OneDrive\Masaüstü\Muro Uni\Github\SFML-Game\SFML-Game\Game.h(7,7): message : see declaration of 'Scene'
  Physics.cpp
C:\Users\murat\OneDrive\Masaüstü\Muro Uni\Github\SFML-Game\SFML-Game\Animation.h(75,52): warning C4244: 'argument': conversion from 'float' to 'T', possible loss of data
          with
          [
              T=int
          ]
C:\Users\murat\OneDrive\Masaüstü\Muro Uni\Github\SFML-Game\SFML-Game\Animation.h(75,40): warning C4244: 'argument': conversion from 'float' to 'T', possible loss of data
          with
          [
              T=int
          ]
C:\Users\murat\OneDrive\Masaüstü\Muro Uni\Github\SFML-Game\SFML-Game\Animation.h(75,30): warning C4244: 'argument': conversion from 'float' to 'T', possible loss of data
          with
          [
              T=int
          ]
C:\Users\murat\OneDrive\Masaüstü\Muro Uni\Github\SFML-Game\SFML-Game\Animation.h(75,20): warning C4244: 'argument': conversion from 'float' to 'T', possible loss of data
          with
          [
              T=int
          ]
  Scene.cpp
C:\Users\murat\OneDrive\Masaüstü\Muro Uni\Github\SFML-Game\SFML-Game\Animation.h(75,52): warning C4244: 'argument': conversion from 'float' to 'T', possible loss of data
          with
          [
              T=int
          ]
C:\Users\murat\OneDrive\Masaüstü\Muro Uni\Github\SFML-Game\SFML-Game\Animation.h(75,40): warning C4244: 'argument': conversion from 'float' to 'T', possible loss of data
          with
          [
              T=int
          ]
C:\Users\murat\OneDrive\Masaüstü\Muro Uni\Github\SFML-Game\SFML-Game\Animation.h(75,30): warning C4244: 'argument': conversion from 'float' to 'T', possible loss of data
          with
          [
              T=int
          ]
C:\Users\murat\OneDrive\Masaüstü\Muro Uni\Github\SFML-Game\SFML-Game\Animation.h(75,20): warning C4244: 'argument': conversion from 'float' to 'T', possible loss of data
          with
          [
              T=int
          ]
C:\Users\murat\OneDrive\Masaüstü\Muro Uni\Github\SFML-Game\SFML-Game\Game.h(78,5): warning C4150: deletion of pointer to incomplete type 'Scene'; no destructor called
C:\Users\murat\OneDrive\Masaüstü\Muro Uni\Github\SFML-Game\SFML-Game\Game.h(7,7): message : see declaration of 'Scene'
  Scene_GameOver.cpp
C:\Users\murat\OneDrive\Masaüstü\Muro Uni\Github\SFML-Game\SFML-Game\Animation.h(75,52): warning C4244: 'argument': conversion from 'float' to 'T', possible loss of data
          with
          [
              T=int
          ]
C:\Users\murat\OneDrive\Masaüstü\Muro Uni\Github\SFML-Game\SFML-Game\Animation.h(75,40): warning C4244: 'argument': conversion from 'float' to 'T', possible loss of data
          with
          [
              T=int
          ]
C:\Users\murat\OneDrive\Masaüstü\Muro Uni\Github\SFML-Game\SFML-Game\Animation.h(75,30): warning C4244: 'argument': conversion from 'float' to 'T', possible loss of data
          with
          [
              T=int
          ]
C:\Users\murat\OneDrive\Masaüstü\Muro Uni\Github\SFML-Game\SFML-Game\Animation.h(75,20): warning C4244: 'argument': conversion from 'float' to 'T', possible loss of data
          with
          [
              T=int
          ]
C:\Users\murat\OneDrive\Masaüstü\Muro Uni\Github\SFML-Game\SFML-Game\Game.h(78,5): warning C4150: deletion of pointer to incomplete type 'Scene'; no destructor called
C:\Users\murat\OneDrive\Masaüstü\Muro Uni\Github\SFML-Game\SFML-Game\Game.h(7,7): message : see declaration of 'Scene'
C:\Users\murat\OneDrive\Masaüstü\Muro Uni\Github\SFML-Game\SFML-Game\Scene_GameOver.cpp(11,89): warning C4244: 'argument': conversion from 'T' to 'float', possible loss of data
          with
          [
              T=unsigned int
          ]
C:\Users\murat\OneDrive\Masaüstü\Muro Uni\Github\SFML-Game\SFML-Game\Scene_GameOver.cpp(11,51): warning C4244: 'argument': conversion from 'T' to 'float', possible loss of data
          with
          [
              T=unsigned int
          ]
  Scene_LevelComplete.cpp
C:\Users\murat\OneDrive\Masaüstü\Muro Uni\Github\SFML-Game\SFML-Game\Animation.h(75,52): warning C4244: 'argument': conversion from 'float' to 'T', possible loss of data
          with
          [
              T=int
          ]
C:\Users\murat\OneDrive\Masaüstü\Muro Uni\Github\SFML-Game\SFML-Game\Animation.h(75,40): warning C4244: 'argument': conversion from 'float' to 'T', possible loss of data
          with
          [
              T=int
          ]
C:\Users\murat\OneDrive\Masaüstü\Muro Uni\Github\SFML-Game\SFML-Game\Animation.h(75,30): warning C4244: 'argument': conversion from 'float' to 'T', possible loss of data
          with
          [
              T=int
          ]
C:\Users\murat\OneDrive\Masaüstü\Muro Uni\Github\SFML-Game\SFML-Game\Animation.h(75,20): warning C4244: 'argument': conversion from 'float' to 'T', possible loss of data
          with
          [
              T=int
          ]
C:\Users\murat\OneDrive\Masaüstü\Muro Uni\Github\SFML-Game\SFML-Game\Game.h(78,5): warning C4150: deletion of pointer to incomplete type 'Scene'; no destructor called
C:\Users\murat\OneDrive\Masaüstü\Muro Uni\Github\SFML-Game\SFML-Game\Game.h(7,7): message : see declaration of 'Scene'
C:\Users\murat\OneDrive\Masaüstü\Muro Uni\Github\SFML-Game\SFML-Game\Scene_LevelComplete.cpp(11,89): warning C4244: 'argument': conversion from 'T' to 'float', possible loss of data
          with
          [
              T=unsigned int
          ]
C:\Users\murat\OneDrive\Masaüstü\Muro Uni\Github\SFML-Game\SFML-Game\Scene_LevelComplete.cpp(11,51): warning C4244: 'argument': conversion from 'T' to 'float', possible loss of data
          with
          [
              T=unsigned int
          ]
  Scene_Menu.cpp
C:\Users\murat\OneDrive\Masaüstü\Muro Uni\Github\SFML-Game\SFML-Game\Animation.h(75,52): warning C4244: 'argument': conversion from 'float' to 'T', possible loss of data
          with
          [
              T=int
          ]
C:\Users\murat\OneDrive\Masaüstü\Muro Uni\Github\SFML-Game\SFML-Game\Animation.h(75,40): warning C4244: 'argument': conversion from 'float' to 'T', possible loss of data
          with
          [
              T=int
          ]
C:\Users\murat\OneDrive\Masaüstü\Muro Uni\Github\SFML-Game\SFML-Game\Animation.h(75,30): warning C4244: 'argument': conversion from 'float' to 'T', possible loss of data
          with
          [
              T=int
          ]
C:\Users\murat\OneDrive\Masaüstü\Muro Uni\Github\SFML-Game\SFML-Game\Animation.h(75,20): warning C4244: 'argument': conversion from 'float' to 'T', possible loss of data
          with
          [
              T=int
          ]
C:\Users\murat\OneDrive\Masaüstü\Muro Uni\Github\SFML-Game\SFML-Game\Game.h(78,5): warning C4150: deletion of pointer to incomplete type 'Scene'; no destructor called
C:\Users\murat\OneDrive\Masaüstü\Muro Uni\Github\SFML-Game\SFML-Game\Game.h(7,7): message : see declaration of 'Scene'
C:\Users\murat\OneDrive\Masaüstü\Muro Uni\Github\SFML-Game\SFML-Game\Scene_Menu.cpp(10,86): warning C4244: 'argument': conversion from 'T' to 'float', possible loss of data
          with
          [
              T=unsigned int
          ]
C:\Users\murat\OneDrive\Masaüstü\Muro Uni\Github\SFML-Game\SFML-Game\Scene_Menu.cpp(10,50): warning C4244: 'argument': conversion from 'T' to 'float', possible loss of data
          with
          [
              T=unsigned int
          ]
  Scene_Play.cpp
C:\Users\murat\OneDrive\Masaüstü\Muro Uni\Github\SFML-Game\SFML-Game\Animation.h(75,52): warning C4244: 'argument': conversion from 'float' to 'T', possible loss of data
          with
          [
              T=int
          ]
C:\Users\murat\OneDrive\Masaüstü\Muro Uni\Github\SFML-Game\SFML-Game\Animation.h(75,40): warning C4244: 'argument': conversion from 'float' to 'T', possible loss of data
          with
          [
              T=int
          ]
C:\Users\murat\OneDrive\Masaüstü\Muro Uni\Github\SFML-Game\SFML-Game\Animation.h(75,30): warning C4244: 'argument': conversion from 'float' to 'T', possible loss of data
          with
          [
              T=int
          ]
C:\Users\murat\OneDrive\Masaüstü\Muro Uni\Github\SFML-Game\SFML-Game\Animation.h(75,20): warning C4244: 'argument': conversion from 'float' to 'T', possible loss of data
          with
          [
              T=int
          ]
C:\Users\murat\OneDrive\Masaüstü\Muro Uni\Github\SFML-Game\SFML-Game\Game.h(78,5): warning C4150: deletion of pointer to incomplete type 'Scene'; no destructor called
C:\Users\murat\OneDrive\Masaüstü\Muro Uni\Github\SFML-Game\SFML-Game\Game.h(7,7): message : see declaration of 'Scene'
C:\Users\murat\OneDrive\Masaüstü\Muro Uni\Github\SFML-Game\SFML-Game\Scene_Play.cpp(9,29): warning C4305: 'argument': truncation from 'double' to 'const float'
C:\Users\murat\OneDrive\Masaüstü\Muro Uni\Github\SFML-Game\SFML-Game\Scene_Play.cpp(44,41): warning C4244: 'argument': conversion from 'int' to 'float', possible loss of data
C:\Users\murat\OneDrive\Masaüstü\Muro Uni\Github\SFML-Game\SFML-Game\Scene_Play.cpp(44,38): warning C4244: 'argument': conversion from 'int' to 'float', possible loss of data
C:\Users\murat\OneDrive\Masaüstü\Muro Uni\Github\SFML-Game\SFML-Game\Scene_Play.cpp(48,29): warning C4305: 'argument': truncation from 'double' to 'const float'
C:\Users\murat\OneDrive\Masaüstü\Muro Uni\Github\SFML-Game\SFML-Game\Scene_Play.cpp(72,79): warning C4244: 'argument': conversion from 'T' to 'float', possible loss of data
          with
          [
              T=unsigned int
          ]
C:\Users\murat\OneDrive\Masaüstü\Muro Uni\Github\SFML-Game\SFML-Game\Scene_Play.cpp(72,45): warning C4244: 'argument': conversion from 'T' to 'float', possible loss of data
          with
          [
              T=unsigned int
          ]
C:\Users\murat\OneDrive\Masaüstü\Muro Uni\Github\SFML-Game\SFML-Game\Scene_Play.cpp(73,104): warning C4244: 'argument': conversion from 'T' to 'T', possible loss of data
          with
          [
              T=unsigned int
          ]
          and
          [
              T=float
          ]
C:\Users\murat\OneDrive\Masaüstü\Muro Uni\Github\SFML-Game\SFML-Game\Scene_Play.cpp(73,70): warning C4244: 'argument': conversion from 'T' to 'T', possible loss of data
          with
          [
              T=unsigned int
          ]
          and
          [
              T=float
          ]
C:\Users\murat\OneDrive\Masaüstü\Muro Uni\Github\SFML-Game\SFML-Game\Scene_Play.cpp(75,61): warning C4244: 'argument': conversion from 'T' to 'float', possible loss of data
          with
          [
              T=unsigned int
          ]
C:\Users\murat\OneDrive\Masaüstü\Muro Uni\Github\SFML-Game\SFML-Game\Scene_Play.cpp(216,21): warning C4244: 'argument': conversion from 'float' to 'int', possible loss of data
C:\Users\murat\OneDrive\Masaüstü\Muro Uni\Github\SFML-Game\SFML-Game\Scene_Play.cpp(216,18): warning C4244: 'argument': conversion from 'float' to 'int', possible loss of data
C:\Users\murat\OneDrive\Masaüstü\Muro Uni\Github\SFML-Game\SFML-Game\Scene_Play.cpp(286,82): warning C4244: 'argument': conversion from 'T' to 'float', possible loss of data
          with
          [
              T=unsigned int
          ]
C:\Users\murat\OneDrive\Masaüstü\Muro Uni\Github\SFML-Game\SFML-Game\Scene_Play.cpp(427,38): warning C4305: '+=': truncation from 'double' to 'float'
C:\Users\murat\OneDrive\Masaüstü\Muro Uni\Github\SFML-Game\SFML-Game\Scene_Play.cpp(438,40): warning C4305: '-=': truncation from 'double' to 'float'
C:\Users\murat\OneDrive\Masaüstü\Muro Uni\Github\SFML-Game\SFML-Game\Scene_Play.cpp(963,12): warning C4244: 'initializing': conversion from 'int' to 'float', possible loss of data
C:\Users\murat\OneDrive\Masaüstü\Muro Uni\Github\SFML-Game\SFML-Game\Scene_Play.cpp(964,12): warning C4244: 'initializing': conversion from 'int' to 'float', possible loss of data
  Scene_Replay.cpp
C:\Users\murat\OneDrive\Masaüstü\Muro Uni\Github\SFML-Game\SFML-Game\Animation.h(75,52): warning C4244: 'argument': conversion from 'float' to 'T', possible loss of data
          with
          [
              T=int
          ]
C:\Users\murat\OneDrive\Masaüstü\Muro Uni\Github\SFML-Game\SFML-Game\Animation.h(75,40): warning C4244: 'argument': conversion from 'float' to 'T', possible loss of data
          with
          [
              T=int
          ]
C:\Users\murat\OneDrive\Masaüstü\Muro Uni\Github\SFML-Game\SFML-Game\Animation.h(75,30): warning C4244: 'argument': conversion from 'float' to 'T', possible loss of data
          with
          [
              T=int
          ]
C:\Users\murat\OneDrive\Masaüstü\Muro Uni\Github\SFML-Game\SFML-Game\Animation.h(75,20): warning C4244: 'argument': conversion from 'float' to 'T', possible loss of data
          with
          [
              T=int
          ]
C:\Users\murat\OneDrive\Masaüstü\Muro Uni\Github\SFML-Game\SFML-Game\Game.h(78,5): warning C4150: deletion of pointer to incomplete type 'Scene'; no destructor called
C:\Users\murat\OneDrive\Masaüstü\Muro Uni\Github\SFML-Game\SFML-Game\Game.h(7,7): message : see declaration of 'Scene'
C:\Users\murat\OneDrive\Masaüstü\Muro Uni\Github\SFML-Game\SFML-Game\Scene_Replay.cpp(14,29): warning C4305: 'argument': truncation from 'double' to 'const float'
C:\Users\murat\OneDrive\Masaüstü\Muro Uni\Github\SFML-Game\SFML-Game\Scene_Replay.cpp(49,41): warning C4244: 'argument': conversion from 'int' to 'float', possible loss of data
C:\Users\murat\OneDrive\Masaüstü\Muro Uni\Github\SFML-Game\SFML-Game\Scene_Replay.cpp(49,38): warning C4244: 'argument': conversion from 'int' to 'float', possible loss of data
C:\Users\murat\OneDrive\Masaüstü\Muro Uni\Github\SFML-Game\SFML-Game\Scene_Replay.cpp(53,29): warning C4305: 'argument': truncation from 'double' to 'const float'
C:\Users\murat\OneDrive\Masaüstü\Muro Uni\Github\SFML-Game\SFML-Game\Scene_Replay.cpp(73,79): warning C4244: 'argument': conversion from 'T' to 'float', possible loss of data
          with
          [
              T=unsigned int
          ]
C:\Users\murat\OneDrive\Masaüstü\Muro Uni\Github\SFML-Game\SFML-Game\Scene_Replay.cpp(73,45): warning C4244: 'argument': conversion from 'T' to 'float', possible loss of data
          with
          [
              T=unsigned int
          ]
C:\Users\murat\OneDrive\Masaüstü\Muro Uni\Github\SFML-Game\SFML-Game\Scene_Replay.cpp(74,104): warning C4244: 'argument': conversion from 'T' to 'T', possible loss of data
          with
          [
              T=unsigned int
          ]
          and
          [
              T=float
          ]
C:\Users\murat\OneDrive\Masaüstü\Muro Uni\Github\SFML-Game\SFML-Game\Scene_Replay.cpp(74,70): warning C4244: 'argument': conversion from 'T' to 'T', possible loss of data
          with
          [
              T=unsigned int
          ]
          and
          [
              T=float
          ]
C:\Users\murat\OneDrive\Masaüstü\Muro Uni\Github\SFML-Game\SFML-Game\Scene_Replay.cpp(76,62): warning C4244: 'argument': conversion from 'T' to 'float', possible loss of data
          with
          [
              T=unsigned int
          ]
C:\Users\murat\OneDrive\Masaüstü\Muro Uni\Github\SFML-Game\SFML-Game\Scene_Replay.cpp(213,21): warning C4244: 'argument': conversion from 'float' to 'int', possible loss of data
C:\Users\murat\OneDrive\Masaüstü\Muro Uni\Github\SFML-Game\SFML-Game\Scene_Replay.cpp(213,18): warning C4244: 'argument': conversion from 'float' to 'int', possible loss of data
C:\Users\murat\OneDrive\Masaüstü\Muro Uni\Github\SFML-Game\SFML-Game\Scene_Replay.cpp(284,84): warning C4244: 'argument': conversion from 'T' to 'float', possible loss of data
          with
          [
              T=unsigned int
          ]
C:\Users\murat\OneDrive\Masaüstü\Muro Uni\Github\SFML-Game\SFML-Game\Scene_Replay.cpp(425,40): warning C4305: '+=': truncation from 'double' to 'float'
C:\Users\murat\OneDrive\Masaüstü\Muro Uni\Github\SFML-Game\SFML-Game\Scene_Replay.cpp(436,40): warning C4305: '-=': truncation from 'double' to 'float'
C:\Users\murat\OneDrive\Masaüstü\Muro Uni\Github\SFML-Game\SFML-Game\Scene_Replay.cpp(959,12): warning C4244: 'initializing': conversion from 'int' to 'float', possible loss of data
C:\Users\murat\OneDrive\Masaüstü\Muro Uni\Github\SFML-Game\SFML-Game\Scene_Replay.cpp(960,12): warning C4244: 'initializing': conversion from 'int' to 'float', possible loss of data
  Vec2.cpp
  Generating code
  Previous IPDB not found, fall back to full compilation.
  All 1351 functions were compiled because no usable IPDB/IOBJ from previous compilation was found.
  Finished generating code
  SFML-Game.vcxproj -> C:\Users\murat\OneDrive\Masaüstü\Muro Uni\Github\SFML-Game\x64\Release\SFML-Game.exe
